<?xml version="1.0" encoding="UTF-8"?>
<!-- Generated by org.testng.reporters.JUnitReportReporter -->
<testsuite hostname="GTC-102354" failures="0" tests="2" name="webuitests.UnitTests" time="9.784" errors="0" timestamp="2024-10-19T19:04:50 SAST" skipped="0">
  <testcase classname="webuitests.UnitTests" name="demoTest" time="6.342"/>
  <testcase classname="webuitests.UnitTests" name="demoTest" time="3.442"/>
</testsuite> <!-- webuitests.UnitTests -->
