<?xml version="1.0" encoding="UTF-8"?>
<!-- Generated by org.testng.reporters.JUnitReportReporter -->
<testsuite hostname="GTC-102354" failures="0" tests="2" name="webuitests.UnitTests" time="0.008" errors="0" timestamp="2024-10-21T18:51:27 SAST" skipped="0">
  <testcase classname="webuitests.UnitTests" name="demoTest" time="0.008"/>
  <testcase classname="webuitests.UnitTests" name="demoTest" time="0.000"/>
</testsuite> <!-- webuitests.UnitTests -->
